<?xml version="1.0" encoding="UTF-8"?>
<!-- Generated by org.testng.reporters.JUnitXMLReporter -->
<testsuite ignored="0" hostname="DESKTOP-1SHUURM" failures="0" tests="1" name="Command line test" time="0.057" errors="0" timestamp="2020-04-26T18:09:49 EEST">
  <testcase classname="TestBase" name="@BeforeGroups setUp" time="-1.587913789805E9">
    <failure type="org.testng.TestNGException" message="
Parameter &amp;apos;browser&amp;apos; is required by BeforeGroups on method setUp but has not been marked @Optional or defined
">
      <![CDATA[org.testng.TestNGException: 
Parameter 'browser' is required by BeforeGroups on method setUp but has not been marked @Optional or defined

at java.base/java.util.ArrayList.forEach(ArrayList.java:1540)
... Removed 38 stack frames]]>
    </failure>
  </testcase> <!-- @BeforeGroups setUp -->
  <testcase classname="TestBase" name="@AfterGroups tearDown" time="-1.58791378982E9">
    <skipped/>
  </testcase> <!-- @AfterGroups tearDown -->
  <testcase classname="FirstTest" name="logInPageTest" time="0.0">
    <skipped/>
  </testcase> <!-- logInPageTest -->
</testsuite> <!-- Command line test -->
